c:\users\kerem\desktop\imgui\obj\01_appvc143.pdb
c:\users\kerem\desktop\imgui\obj\01_appvc143.idb
c:\users\kerem\desktop\imgui\obj\01_app\window.obj
c:\users\kerem\desktop\imgui\obj\01_app\stage.obj
c:\users\kerem\desktop\imgui\obj\01_app\math.obj
c:\users\kerem\desktop\imgui\obj\01_app\main.obj
c:\users\kerem\desktop\imgui\obj\01_app\imgui_widgets.obj
c:\users\kerem\desktop\imgui\obj\01_app\imgui_tables.obj
c:\users\kerem\desktop\imgui\obj\01_app\imgui_draw.obj
c:\users\kerem\desktop\imgui\obj\01_app\imgui.obj
c:\users\kerem\desktop\imgui\obj\01_app\imgui-sfml.obj
c:\users\kerem\desktop\imgui\obj\01_app\grid.obj
c:\users\kerem\desktop\imgui\obj\01_app\drawableshapes.obj
c:\users\kerem\desktop\imgui\obj\01_app\application.obj
c:\users\kerem\desktop\imgui\bin\01_app.exe
c:\users\kerem\desktop\imgui\obj\01_app\01_app.ilk
c:\users\kerem\desktop\imgui\bin\01_app.pdb
c:\users\kerem\desktop\imgui\projects\01_app\..\..\bin\01_app.pdb
c:\users\kerem\desktop\imgui\projects\01_app\..\..\obj\01_app\01_app.vcxproj.filelistabsolute.txt
c:\users\kerem\desktop\imgui\obj\01_app\01_app.tlog\cl.command.1.tlog
c:\users\kerem\desktop\imgui\obj\01_app\01_app.tlog\cl.read.1.tlog
c:\users\kerem\desktop\imgui\obj\01_app\01_app.tlog\cl.write.1.tlog
c:\users\kerem\desktop\imgui\obj\01_app\01_app.tlog\link.command.1.tlog
c:\users\kerem\desktop\imgui\obj\01_app\01_app.tlog\link.read.1.tlog
c:\users\kerem\desktop\imgui\obj\01_app\01_app.tlog\link.write.1.tlog
